This is pdfTeX, Version 3.14159265-2.6-1.40.16 (TeX Live 2015) (preloaded format=pdflatex 2017.4.18)  31 MAY 2017 18:45
entering extended mode
 restricted \write18 enabled.
 file:line:error style messages enabled.
 %&-line parsing enabled.
**symbols.tex
(./symbols.tex
LaTeX2e <2016/03/31>
Babel <3.9q> and hyphenation patterns for 81 language(s) loaded.
./symbols.tex:16: Undefined control sequence.
l.16 \DeclareMathOperator
                         {\id}{id}
? 
./symbols.tex:16: Emergency stop.
l.16 \DeclareMathOperator
                         {\id}{id}
End of file on the terminal!

 
Here is how much of TeX's memory you used:
 15 strings out of 493027
 167 string characters out of 6134069
 53546 words of memory out of 5000000
 3657 multiletter control sequences out of 15000+600000
 3640 words of font info for 14 fonts, out of 8000000 for 9000
 1141 hyphenation exceptions out of 8191
 5i,0n,1p,83b,8s stack positions out of 5000i,500n,10000p,200000b,80000s
./symbols.tex:16:  ==> Fatal error occurred, no output PDF file produced!
